Running: C:\Xilinx\14.7\ISE_DS\ISE\bin\nt64\unwrapped\fuse.exe -intstyle ise -incremental -lib unisims_ver -lib unimacro_ver -lib xilinxcorelib_ver -lib secureip -o C:/Users/u0725062/Desktop/NEWPROJECTFINAL/latestversion/alu_reg_mem_pc/GameSim_isim_beh.exe -prj C:/Users/u0725062/Desktop/NEWPROJECTFINAL/latestversion/alu_reg_mem_pc/GameSim_beh.prj work.GameSim work.glbl 
ISim P.20131013 (signature 0x7708f090)
Number of CPUs detected in this system: 4
Turning on mult-threading, number of parallel sub-compilation jobs: 8 
Determining compilation order of HDL files
Analyzing Verilog file "C:/Users/u0725062/Desktop/NEWPROJECTFINAL/latestversion/alu_reg_mem_pc/HardwareTimer.v" into library work
Analyzing Verilog file "C:/Users/u0725062/Desktop/NEWPROJECTFINAL/latestversion/alu_reg_mem_pc/vga_timing.v" into library work
Analyzing Verilog file "C:/Users/u0725062/Desktop/NEWPROJECTFINAL/latestversion/alu_reg_mem_pc/noteManager.v" into library work
Analyzing Verilog file "C:/Users/u0725062/Desktop/NEWPROJECTFINAL/latestversion/alu_reg_mem_pc/bitGen.v" into library work
Analyzing Verilog file "C:/Users/u0725062/Desktop/NEWPROJECTFINAL/latestversion/alu_reg_mem_pc/../memory.v" into library work
Analyzing Verilog file "C:/Users/u0725062/Desktop/NEWPROJECTFINAL/latestversion/alu_reg_mem_pc/../LEDdriver.v" into library work
Analyzing Verilog file "C:/Users/u0725062/Desktop/NEWPROJECTFINAL/latestversion/alu_reg_mem_pc/VGA_Module.v" into library work
Analyzing Verilog file "C:/Users/u0725062/Desktop/NEWPROJECTFINAL/latestversion/alu_reg_mem_pc/midiMemMan.v" into library work
Analyzing Verilog file "C:/Users/u0725062/Desktop/NEWPROJECTFINAL/latestversion/alu_reg_mem_pc/ipcore_dir/pixelClock.v" into library work
Analyzing Verilog file "C:/Users/u0725062/Desktop/NEWPROJECTFINAL/latestversion/alu_reg_mem_pc/Game.v" into library work
WARNING:HDLCompiler:751 - "C:/Users/u0725062/Desktop/NEWPROJECTFINAL/latestversion/alu_reg_mem_pc/Game.v" Line 39: Redeclaration of ansi port midiNoteWire is not allowed
WARNING:HDLCompiler:751 - "C:/Users/u0725062/Desktop/NEWPROJECTFINAL/latestversion/alu_reg_mem_pc/Game.v" Line 43: Redeclaration of ansi port noteForMem is not allowed
Analyzing Verilog file "C:/Users/u0725062/Desktop/NEWPROJECTFINAL/latestversion/alu_reg_mem_pc/GameSim.v" into library work
Analyzing Verilog file "C:/Xilinx/14.7/ISE_DS/ISE//verilog/src/glbl.v" into library work
Starting static elaboration
WARNING:HDLCompiler:1016 - "C:/Users/u0725062/Desktop/NEWPROJECTFINAL/latestversion/alu_reg_mem_pc/GameSim.v" Line 41: Port note0timerOn is not connected to this instance
WARNING:HDLCompiler:1016 - "C:/Users/u0725062/Desktop/NEWPROJECTFINAL/latestversion/alu_reg_mem_pc/VGA_Module.v" Line 96: Port noteCheckReg is not connected to this instance
WARNING:HDLCompiler:189 - "C:/Users/u0725062/Desktop/NEWPROJECTFINAL/latestversion/alu_reg_mem_pc/Game.v" Line 94: Size mismatch in connection of port <din>. Formal port size is 16-bit while actual signal size is 1-bit.
WARNING:HDLCompiler:189 - "C:/Users/u0725062/Desktop/NEWPROJECTFINAL/latestversion/alu_reg_mem_pc/Game.v" Line 97: Size mismatch in connection of port <addrA>. Formal port size is 14-bit while actual signal size is 1-bit.
WARNING:HDLCompiler:189 - "C:/Users/u0725062/Desktop/NEWPROJECTFINAL/latestversion/alu_reg_mem_pc/Game.v" Line 98: Size mismatch in connection of port <doutA>. Formal port size is 16-bit while actual signal size is 1-bit.
Completed static elaboration
Compiling module IBUFG
Compiling module PLL_ADV(BANDWIDTH="OPTIMIZED",CL...
Compiling module PLL_BASE(CLKFBOUT_MULT=4,CLKIN_P...
Compiling module BUFG
Compiling module pixelClock
Compiling module vga_timing
Compiling module bitGen
Compiling module HardwareTimer
Compiling module noteGlyphManager
Compiling module VGA_Module
Compiling module LEDdriver
Compiling module memory
Compiling module midiMemMan
Compiling module Game
Compiling module GameSim
Compiling module glbl
Time Resolution for simulation is 1ps.
Waiting for 3 sub-compilation(s) to finish...
Compiled 16 Verilog Units
Built simulation executable C:/Users/u0725062/Desktop/NEWPROJECTFINAL/latestversion/alu_reg_mem_pc/GameSim_isim_beh.exe
Fuse Memory Usage: 42408 KB
Fuse CPU Usage: 748 ms
