Command line:
   GameSim_isim_beh.exe
     -simmode  gui
     -simrunnum  0
     -socket  61159

Wed Dec 09 23:07:51 2015


 Elaboration Time: 0.046801 sec

 Current Memory Usage: 671.941 Meg

 Total Signals          : 250
 Total Nets             : 405
 Total Signal Drivers   : 108
 Total Blocks           : 29
 Total Primitive Blocks : 12
 Total Processes        : 221
 Total Traceable Variables  : 513
 Total Scalar Nets and Variables : 287573
Total Line Count : 2010

 Total Simulation Time: 0.156001 sec

 Current Memory Usage: 671.941 Meg

Wed Dec 09 23:08:07 2015

